<?xml version="1.0" encoding="UTF-8"?>
<coverage generated="1748461726998" clover="3.2.0">
  <project timestamp="1748461726998" name="All files">
    <metrics statements="76" coveredstatements="76" conditionals="22" coveredconditionals="21" methods="14" coveredmethods="14" elements="112" coveredelements="111" complexity="0" loc="76" ncloc="76" packages="1" files="1" classes="1"/>
    <file name="CycleParser.ts" path="/home/marc/work/archiver/src/Data/CycleParser.ts">
      <metrics statements="76" coveredstatements="76" conditionals="22" coveredconditionals="21" methods="14" coveredmethods="14"/>
      <line num="1" count="2" type="stmt"/>
      <line num="4" count="2" type="cond" truecount="2" falsecount="0"/>
      <line num="5" count="2" type="stmt"/>
      <line num="6" count="2" type="stmt"/>
      <line num="7" count="2" type="stmt"/>
      <line num="25" count="2" type="stmt"/>
      <line num="26" count="19" type="cond" truecount="2" falsecount="0"/>
      <line num="27" count="19" type="stmt"/>
      <line num="29" count="19" type="stmt"/>
      <line num="31" count="39" type="stmt"/>
      <line num="33" count="39" type="cond" truecount="2" falsecount="0"/>
      <line num="34" count="39" type="stmt"/>
      <line num="35" count="39" type="stmt"/>
      <line num="38" count="19" type="stmt"/>
      <line num="39" count="19" type="stmt"/>
      <line num="43" count="2" type="stmt"/>
      <line num="49" count="10" type="stmt"/>
      <line num="54" count="10" type="stmt"/>
      <line num="55" count="10" type="stmt"/>
      <line num="56" count="10" type="stmt"/>
      <line num="60" count="14" type="stmt"/>
      <line num="62" count="7" type="cond" truecount="1" falsecount="0"/>
      <line num="64" count="6" type="stmt"/>
      <line num="67" count="14" type="stmt"/>
      <line num="69" count="5" type="cond" truecount="1" falsecount="0"/>
      <line num="71" count="4" type="cond" truecount="1" falsecount="0"/>
      <line num="73" count="3" type="stmt"/>
      <line num="77" count="14" type="stmt"/>
      <line num="79" count="6" type="cond" truecount="1" falsecount="0"/>
      <line num="82" count="5" type="cond" truecount="1" falsecount="0"/>
      <line num="83" count="1" type="stmt"/>
      <line num="86" count="4" type="stmt"/>
      <line num="87" count="4" type="cond" truecount="1" falsecount="0"/>
      <line num="89" count="1" type="stmt"/>
      <line num="90" count="1" type="stmt"/>
      <line num="93" count="4" type="stmt"/>
      <line num="95" count="4" type="stmt"/>
      <line num="100" count="2" type="stmt"/>
      <line num="102" count="12" type="stmt"/>
      <line num="108" count="8" type="stmt"/>
      <line num="109" count="8" type="stmt"/>
      <line num="110" count="8" type="stmt"/>
      <line num="112" count="3" type="stmt"/>
      <line num="113" count="3" type="cond" truecount="2" falsecount="0"/>
      <line num="116" count="2" type="cond" truecount="1" falsecount="0"/>
      <line num="117" count="1" type="stmt"/>
      <line num="124" count="1" type="stmt"/>
      <line num="127" count="1" type="stmt"/>
      <line num="140" count="8" type="cond" truecount="1" falsecount="1"/>
      <line num="141" count="1" type="stmt"/>
      <line num="144" count="8" type="stmt"/>
      <line num="151" count="2" type="stmt"/>
      <line num="152" count="1" type="stmt"/>
      <line num="155" count="1" type="stmt"/>
      <line num="158" count="2" type="stmt"/>
      <line num="160" count="4" type="cond" truecount="1" falsecount="0"/>
      <line num="161" count="1" type="stmt"/>
      <line num="162" count="1" type="stmt"/>
      <line num="163" count="3" type="stmt"/>
      <line num="164" count="3" type="stmt"/>
      <line num="170" count="3" type="cond" truecount="2" falsecount="0"/>
      <line num="171" count="2" type="stmt"/>
      <line num="172" count="1" type="stmt"/>
      <line num="175" count="1" type="stmt"/>
      <line num="177" count="2" type="stmt"/>
      <line num="186" count="4" type="cond" truecount="1" falsecount="0"/>
      <line num="187" count="2" type="stmt"/>
      <line num="188" count="2" type="stmt"/>
      <line num="189" count="2" type="cond" truecount="1" falsecount="0"/>
      <line num="190" count="1" type="stmt"/>
      <line num="192" count="2" type="stmt"/>
      <line num="194" count="2" type="stmt"/>
      <line num="197" count="2" type="stmt"/>
      <line num="198" count="3" type="stmt"/>
      <line num="208" count="2" type="stmt"/>
      <line num="209" count="4" type="stmt"/>
    </file>
  </project>
</coverage>
