{"/home/marc/work/archiver/src/Data/CycleParser.ts": {"path":"/home/marc/work/archiver/src/Data/CycleParser.ts","statementMap":{"0":{"start":{"line":1,"column":0},"end":{"line":1,"column":39}},"1":{"start":{"line":4,"column":0},"end":{"line":4,"column":null}},"2":{"start":{"line":5,"column":2},"end":{"line":5,"column":null}},"3":{"start":{"line":6,"column":2},"end":{"line":6,"column":null}},"4":{"start":{"line":7,"column":2},"end":{"line":7,"column":null}},"5":{"start":{"line":26,"column":14},"end":{"line":26,"column":62}},"6":{"start":{"line":27,"column":10},"end":{"line":27,"column":24}},"7":{"start":{"line":29,"column":26},"end":{"line":37,"column":null}},"8":{"start":{"line":31,"column":19},"end":{"line":31,"column":24}},"9":{"start":{"line":33,"column":20},"end":{"line":33,"column":45}},"10":{"start":{"line":34,"column":6},"end":{"line":34,"column":null}},"11":{"start":{"line":35,"column":6},"end":{"line":35,"column":null}},"12":{"start":{"line":38,"column":2},"end":{"line":40,"column":null}},"13":{"start":{"line":39,"column":29},"end":{"line":39,"column":44}},"14":{"start":{"line":25,"column":0},"end":{"line":25,"column":16}},"15":{"start":{"line":49,"column":4},"end":{"line":53,"column":null}},"16":{"start":{"line":54,"column":4},"end":{"line":54,"column":null}},"17":{"start":{"line":55,"column":4},"end":{"line":55,"column":null}},"18":{"start":{"line":56,"column":4},"end":{"line":56,"column":null}},"19":{"start":{"line":60,"column":4},"end":{"line":65,"column":null}},"20":{"start":{"line":62,"column":6},"end":{"line":62,"column":43}},"21":{"start":{"line":62,"column":35},"end":{"line":62,"column":43}},"22":{"start":{"line":64,"column":6},"end":{"line":64,"column":null}},"23":{"start":{"line":67,"column":4},"end":{"line":75,"column":null}},"24":{"start":{"line":69,"column":6},"end":{"line":69,"column":50}},"25":{"start":{"line":69,"column":42},"end":{"line":69,"column":50}},"26":{"start":{"line":71,"column":6},"end":{"line":71,"column":51}},"27":{"start":{"line":71,"column":43},"end":{"line":71,"column":51}},"28":{"start":{"line":73,"column":6},"end":{"line":73,"column":null}},"29":{"start":{"line":77,"column":4},"end":{"line":96,"column":null}},"30":{"start":{"line":79,"column":6},"end":{"line":79,"column":57}},"31":{"start":{"line":79,"column":49},"end":{"line":79,"column":57}},"32":{"start":{"line":82,"column":6},"end":{"line":84,"column":null}},"33":{"start":{"line":83,"column":8},"end":{"line":83,"column":16}},"34":{"start":{"line":86,"column":21},"end":{"line":86,"column":61}},"35":{"start":{"line":87,"column":6},"end":{"line":91,"column":null}},"36":{"start":{"line":89,"column":8},"end":{"line":89,"column":null}},"37":{"start":{"line":90,"column":8},"end":{"line":90,"column":null}},"38":{"start":{"line":93,"column":6},"end":{"line":93,"column":null}},"39":{"start":{"line":95,"column":6},"end":{"line":95,"column":null}},"40":{"start":{"line":43,"column":0},"end":{"line":43,"column":13}},"41":{"start":{"line":102,"column":20},"end":{"line":106,"column":5}},"42":{"start":{"line":102,"column":58},"end":{"line":106,"column":4}},"43":{"start":{"line":108,"column":40},"end":{"line":108,"column":42}},"44":{"start":{"line":109,"column":44},"end":{"line":109,"column":46}},"45":{"start":{"line":110,"column":2},"end":{"line":133,"column":null}},"46":{"start":{"line":112,"column":17},"end":{"line":112,"column":83}},"47":{"start":{"line":113,"column":4},"end":{"line":132,"column":null}},"48":{"start":{"line":116,"column":6},"end":{"line":121,"column":null}},"49":{"start":{"line":117,"column":8},"end":{"line":120,"column":null}},"50":{"start":{"line":124,"column":6},"end":{"line":124,"column":null}},"51":{"start":{"line":127,"column":6},"end":{"line":131,"column":null}},"52":{"start":{"line":140,"column":16},"end":{"line":141,"column":null}},"53":{"start":{"line":141,"column":4},"end":{"line":141,"column":57}},"54":{"start":{"line":144,"column":2},"end":{"line":148,"column":null}},"55":{"start":{"line":100,"column":0},"end":{"line":100,"column":16}},"56":{"start":{"line":152,"column":18},"end":{"line":152,"column":37}},"57":{"start":{"line":155,"column":2},"end":{"line":155,"column":null}},"58":{"start":{"line":151,"column":0},"end":{"line":151,"column":16}},"59":{"start":{"line":160,"column":2},"end":{"line":179,"column":null}},"60":{"start":{"line":161,"column":86},"end":{"line":161,"column":88}},"61":{"start":{"line":162,"column":4},"end":{"line":173,"column":null}},"62":{"start":{"line":163,"column":56},"end":{"line":163,"column":60}},"63":{"start":{"line":164,"column":36},"end":{"line":169,"column":null}},"64":{"start":{"line":170,"column":6},"end":{"line":172,"column":null}},"65":{"start":{"line":171,"column":8},"end":{"line":171,"column":null}},"66":{"start":{"line":172,"column":13},"end":{"line":172,"column":null}},"67":{"start":{"line":175,"column":4},"end":{"line":178,"column":null}},"68":{"start":{"line":177,"column":6},"end":{"line":177,"column":null}},"69":{"start":{"line":186,"column":2},"end":{"line":195,"column":null}},"70":{"start":{"line":187,"column":32},"end":{"line":193,"column":10}},"71":{"start":{"line":188,"column":23},"end":{"line":188,"column":58}},"72":{"start":{"line":189,"column":6},"end":{"line":191,"column":null}},"73":{"start":{"line":190,"column":8},"end":{"line":190,"column":null}},"74":{"start":{"line":192,"column":6},"end":{"line":192,"column":null}},"75":{"start":{"line":194,"column":4},"end":{"line":194,"column":null}},"76":{"start":{"line":158,"column":0},"end":{"line":158,"column":16}},"77":{"start":{"line":198,"column":2},"end":{"line":205,"column":null}},"78":{"start":{"line":197,"column":0},"end":{"line":197,"column":16}},"79":{"start":{"line":209,"column":2},"end":{"line":218,"column":null}},"80":{"start":{"line":208,"column":0},"end":{"line":208,"column":16}}},"fnMap":{"0":{"name":"(anonymous_0)","decl":{"start":{"line":4,"column":0},"end":{"line":4,"column":12}},"loc":{"start":{"line":4,"column":22},"end":{"line":8,"column":1}}},"1":{"name":"reversed","decl":{"start":{"line":25,"column":16},"end":{"line":25,"column":24}},"loc":{"start":{"line":25,"column":46},"end":{"line":41,"column":1}}},"2":{"name":"(anonymous_2)","decl":{"start":{"line":30,"column":10},"end":{"line":30,"column":32}},"loc":{"start":{"line":30,"column":34},"end":{"line":36,"column":5}}},"3":{"name":"(anonymous_3)","decl":{"start":{"line":39,"column":23},"end":{"line":39,"column":26}},"loc":{"start":{"line":39,"column":29},"end":{"line":39,"column":44}}},"4":{"name":"(anonymous_4)","decl":{"start":{"line":48,"column":2},"end":{"line":48,"column":null}},"loc":{"start":{"line":48,"column":2},"end":{"line":57,"column":3}}},"5":{"name":"(anonymous_5)","decl":{"start":{"line":59,"column":2},"end":{"line":59,"column":11}},"loc":{"start":{"line":59,"column":26},"end":{"line":97,"column":3}}},"6":{"name":"parseRecord","decl":{"start":{"line":100,"column":16},"end":{"line":100,"column":27}},"loc":{"start":{"line":100,"column":69},"end":{"line":149,"column":1}}},"7":{"name":"(anonymous_7)","decl":{"start":{"line":102,"column":41},"end":{"line":102,"column":42}},"loc":{"start":{"line":102,"column":58},"end":{"line":106,"column":4}}},"8":{"name":"(anonymous_8)","decl":{"start":{"line":140,"column":52},"end":{"line":140,"column":53}},"loc":{"start":{"line":141,"column":4},"end":{"line":141,"column":57}}},"9":{"name":"parse","decl":{"start":{"line":151,"column":16},"end":{"line":151,"column":21}},"loc":{"start":{"line":151,"column":63},"end":{"line":156,"column":1}}},"10":{"name":"applyNodeListChange","decl":{"start":{"line":158,"column":16},"end":{"line":158,"column":35}},"loc":{"start":{"line":158,"column":50},"end":{"line":196,"column":1}}},"11":{"name":"(anonymous_11)","decl":{"start":{"line":187,"column":54},"end":{"line":187,"column":55}},"loc":{"start":{"line":187,"column":89},"end":{"line":193,"column":5}}},"12":{"name":"activeNodeCount","decl":{"start":{"line":197,"column":16},"end":{"line":197,"column":31}},"loc":{"start":{"line":197,"column":72},"end":{"line":206,"column":1}}},"13":{"name":"totalNodeCount","decl":{"start":{"line":208,"column":16},"end":{"line":208,"column":30}},"loc":{"start":{"line":208,"column":71},"end":{"line":219,"column":1}}}},"branchMap":{"0":{"loc":{"start":{"line":4,"column":12},"end":{"line":4,"column":null}},"type":"binary-expr","locations":[{"start":{"line":4,"column":12},"end":{"line":4,"column":22}},{"start":{"line":4,"column":12},"end":{"line":4,"column":null}}]},"1":{"loc":{"start":{"line":26,"column":14},"end":{"line":26,"column":62}},"type":"cond-expr","locations":[{"start":{"line":26,"column":37},"end":{"line":26,"column":42}},{"start":{"line":26,"column":45},"end":{"line":26,"column":62}}]},"2":{"loc":{"start":{"line":33,"column":20},"end":{"line":33,"column":45}},"type":"cond-expr","locations":[{"start":{"line":33,"column":27},"end":{"line":33,"column":36}},{"start":{"line":33,"column":39},"end":{"line":33,"column":45}}]},"3":{"loc":{"start":{"line":62,"column":6},"end":{"line":62,"column":43}},"type":"if","locations":[{"start":{"line":62,"column":6},"end":{"line":62,"column":43}}]},"4":{"loc":{"start":{"line":69,"column":6},"end":{"line":69,"column":50}},"type":"if","locations":[{"start":{"line":69,"column":6},"end":{"line":69,"column":50}}]},"5":{"loc":{"start":{"line":71,"column":6},"end":{"line":71,"column":51}},"type":"if","locations":[{"start":{"line":71,"column":6},"end":{"line":71,"column":51}}]},"6":{"loc":{"start":{"line":79,"column":6},"end":{"line":79,"column":57}},"type":"if","locations":[{"start":{"line":79,"column":6},"end":{"line":79,"column":57}}]},"7":{"loc":{"start":{"line":82,"column":6},"end":{"line":84,"column":null}},"type":"if","locations":[{"start":{"line":82,"column":6},"end":{"line":84,"column":null}}]},"8":{"loc":{"start":{"line":87,"column":6},"end":{"line":91,"column":null}},"type":"if","locations":[{"start":{"line":87,"column":6},"end":{"line":91,"column":null}}]},"9":{"loc":{"start":{"line":113,"column":4},"end":{"line":132,"column":null}},"type":"if","locations":[{"start":{"line":113,"column":4},"end":{"line":132,"column":null}},{"start":{"line":122,"column":11},"end":{"line":132,"column":null}}]},"10":{"loc":{"start":{"line":116,"column":6},"end":{"line":121,"column":null}},"type":"if","locations":[{"start":{"line":116,"column":6},"end":{"line":121,"column":null}}]},"11":{"loc":{"start":{"line":140,"column":17},"end":{"line":140,"column":46}},"type":"binary-expr","locations":[{"start":{"line":140,"column":17},"end":{"line":140,"column":40}},{"start":{"line":140,"column":44},"end":{"line":140,"column":46}}]},"12":{"loc":{"start":{"line":160,"column":2},"end":{"line":179,"column":null}},"type":"if","locations":[{"start":{"line":160,"column":2},"end":{"line":179,"column":null}}]},"13":{"loc":{"start":{"line":170,"column":6},"end":{"line":172,"column":null}},"type":"if","locations":[{"start":{"line":170,"column":6},"end":{"line":172,"column":null}},{"start":{"line":172,"column":13},"end":{"line":172,"column":null}}]},"14":{"loc":{"start":{"line":186,"column":2},"end":{"line":195,"column":null}},"type":"if","locations":[{"start":{"line":186,"column":2},"end":{"line":195,"column":null}}]},"15":{"loc":{"start":{"line":189,"column":6},"end":{"line":191,"column":null}},"type":"if","locations":[{"start":{"line":189,"column":6},"end":{"line":191,"column":null}}]}},"s":{"0":2,"1":2,"2":2,"3":2,"4":2,"5":19,"6":19,"7":19,"8":39,"9":39,"10":39,"11":39,"12":19,"13":19,"14":2,"15":10,"16":10,"17":10,"18":10,"19":14,"20":7,"21":1,"22":6,"23":14,"24":5,"25":1,"26":4,"27":1,"28":3,"29":14,"30":6,"31":1,"32":5,"33":1,"34":4,"35":4,"36":1,"37":1,"38":4,"39":4,"40":2,"41":8,"42":12,"43":8,"44":8,"45":8,"46":3,"47":3,"48":2,"49":1,"50":1,"51":1,"52":8,"53":1,"54":8,"55":2,"56":1,"57":1,"58":2,"59":4,"60":1,"61":1,"62":3,"63":3,"64":3,"65":2,"66":1,"67":1,"68":2,"69":4,"70":2,"71":2,"72":2,"73":1,"74":2,"75":2,"76":2,"77":3,"78":2,"79":4,"80":2},"f":{"0":2,"1":19,"2":39,"3":19,"4":10,"5":14,"6":8,"7":12,"8":1,"9":1,"10":4,"11":2,"12":3,"13":4},"b":{"0":[2,2],"1":[17,2],"2":[19,20],"3":[1],"4":[1],"5":[1],"6":[1],"7":[1],"8":[1],"9":[2,1],"10":[1],"11":[8,0],"12":[1],"13":[2,1],"14":[2],"15":[1]}}
}
