TN:
SF:src/Data/CycleParser.ts
FN:4,(anonymous_0)
FN:25,reversed
FN:30,(anonymous_2)
FN:39,(anonymous_3)
FN:48,(anonymous_4)
FN:59,(anonymous_5)
FN:100,parseRecord
FN:102,(anonymous_7)
FN:140,(anonymous_8)
FN:151,parse
FN:158,applyNodeListChange
FN:187,(anonymous_11)
FN:197,activeNodeCount
FN:208,totalNodeCount
FNF:14
FNH:14
FNDA:2,(anonymous_0)
FNDA:19,reversed
FNDA:39,(anonymous_2)
FNDA:19,(anonymous_3)
FNDA:10,(anonymous_4)
FNDA:14,(anonymous_5)
FNDA:8,parseRecord
FNDA:12,(anonymous_7)
FNDA:1,(anonymous_8)
FNDA:1,parse
FNDA:4,applyNodeListChange
FNDA:2,(anonymous_11)
FNDA:3,activeNodeCount
FNDA:4,totalNodeCount
DA:1,2
DA:4,2
DA:5,2
DA:6,2
DA:7,2
DA:25,2
DA:26,19
DA:27,19
DA:29,19
DA:31,39
DA:33,39
DA:34,39
DA:35,39
DA:38,19
DA:39,19
DA:43,2
DA:49,10
DA:54,10
DA:55,10
DA:56,10
DA:60,14
DA:62,7
DA:64,6
DA:67,14
DA:69,5
DA:71,4
DA:73,3
DA:77,14
DA:79,6
DA:82,5
DA:83,1
DA:86,4
DA:87,4
DA:89,1
DA:90,1
DA:93,4
DA:95,4
DA:100,2
DA:102,12
DA:108,8
DA:109,8
DA:110,8
DA:112,3
DA:113,3
DA:116,2
DA:117,1
DA:124,1
DA:127,1
DA:140,8
DA:141,1
DA:144,8
DA:151,2
DA:152,1
DA:155,1
DA:158,2
DA:160,4
DA:161,1
DA:162,1
DA:163,3
DA:164,3
DA:170,3
DA:171,2
DA:172,1
DA:175,1
DA:177,2
DA:186,4
DA:187,2
DA:188,2
DA:189,2
DA:190,1
DA:192,2
DA:194,2
DA:197,2
DA:198,3
DA:208,2
DA:209,4
LF:76
LH:76
BRDA:4,0,0,2
BRDA:4,0,1,2
BRDA:26,1,0,17
BRDA:26,1,1,2
BRDA:33,2,0,19
BRDA:33,2,1,20
BRDA:62,3,0,1
BRDA:69,4,0,1
BRDA:71,5,0,1
BRDA:79,6,0,1
BRDA:82,7,0,1
BRDA:87,8,0,1
BRDA:113,9,0,2
BRDA:113,9,1,1
BRDA:116,10,0,1
BRDA:140,11,0,8
BRDA:140,11,1,0
BRDA:160,12,0,1
BRDA:170,13,0,2
BRDA:170,13,1,1
BRDA:186,14,0,2
BRDA:189,15,0,1
BRF:22
BRH:21
end_of_record
